#
# There is insufficient memory for the Java Runtime Environment to continue.
# Native memory allocation (malloc) failed to allocate 1048576 bytes for AllocateHeap
# Possible reasons:
#   The system is out of physical RAM or swap space
#   In 32 bit mode, the process size limit was hit
# Possible solutions:
#   Reduce memory load on the system
#   Increase physical memory or swap space
#   Check if swap backing store is full
#   Use 64 bit Java on a 64 bit OS
#   Decrease Java heap size (-Xmx/-Xms)
#   Decrease number of Java threads
#   Decrease Java thread stack sizes (-Xss)
#   Set larger code cache with -XX:ReservedCodeCacheSize=
# This output file may be truncated or incomplete.
#
#  Out of Memory Error (memory/allocation.inline.hpp:61), pid=68144, tid=105804
#
# JRE version:  (8.0_45-b15) (build )
# Java VM: Java HotSpot(TM) 64-Bit Server VM (25.45-b02 mixed mode windows-amd64 compressed oops)
# Failed to write core dump. Minidumps are not enabled by default on client versions of Windows
#

---------------  T H R E A D  ---------------

Current thread (0x00000000031fe000):  JavaThread "Unknown thread" [_thread_in_vm, id=105804, stack(0x0000000003240000,0x0000000003340000)]

Stack: [0x0000000003240000,0x0000000003340000]
Native frames: (J=compiled Java code, j=interpreted, Vv=VM code, C=native code)
V  [jvm.dll+0x32b57a]
V  [jvm.dll+0x279873]
V  [jvm.dll+0x27a509]
V  [jvm.dll+0x271825]
V  [jvm.dll+0x1606]
V  [jvm.dll+0x3f7fb2]
V  [jvm.dll+0x3f898f]
V  [jvm.dll+0x3f8a5d]
V  [jvm.dll+0x3f8c26]
V  [jvm.dll+0xf2cf2]
V  [jvm.dll+0x20f0c9]
V  [jvm.dll+0x240e0a]
V  [jvm.dll+0x15ba41]
C  [javaw.exe+0x217e]
C  [javaw.exe+0xcd17]
C  [javaw.exe+0xcdab]
C  [KERNEL32.DLL+0x14034]
C  [ntdll.dll+0x73691]


---------------  P R O C E S S  ---------------

Java Threads: ( => current thread )

Other Threads:

=>0x00000000031fe000 (exited) JavaThread "Unknown thread" [_thread_in_vm, id=105804, stack(0x0000000003240000,0x0000000003340000)]

VM state:not at safepoint (normal execution)

VM Mutex/Monitor currently owned by a thread: None

Heap:
 PSYoungGen      total 38400K, used 665K [0x00000000d5f00000, 0x00000000d8980000, 0x0000000100000000)
  eden space 33280K, 2% used [0x00000000d5f00000,0x00000000d5fa6670,0x00000000d7f80000)
  from space 5120K, 0% used [0x00000000d8480000,0x00000000d8480000,0x00000000d8980000)
  to   space 5120K, 0% used [0x00000000d7f80000,0x00000000d7f80000,0x00000000d8480000)
 ParOldGen       total 87552K, used 0K [0x0000000081c00000, 0x0000000087180000, 0x00000000d5f00000)
  object space 87552K, 0% used [0x0000000081c00000,0x0000000081c00000,0x0000000087180000)
 Metaspace       used 742K, capacity 4480K, committed 4480K, reserved 1056768K
  class space    used 75K, capacity 384K, committed 384K, reserved 1048576K

Card table byte_map: [0x0000000012800000,0x0000000012c00000] byte_map_base: 0x00000000123f2000

Marking Bits: (ParMarkBitMap*) 0x0000000074164040
 Begin Bits: [0x00000000136b0000, 0x0000000015640000)
 End Bits:   [0x0000000015640000, 0x00000000175d0000)

Polling page: 0x0000000001430000

CodeCache: size=245760Kb used=328Kb max_used=328Kb free=245431Kb
 bounds [0x0000000003440000, 0x00000000036b0000, 0x0000000012440000]
 total_blobs=57 nmethods=0 adapters=37
 compilation: enabled

Compilation events (0 events):
No events

GC Heap History (0 events):
No events

Deoptimization events (0 events):
No events

Internal exceptions (0 events):
No events

Events (10 events):
Event: 0.035 loading class java/lang/Short
Event: 0.036 loading class java/lang/Short done
Event: 0.036 loading class java/lang/Integer
Event: 0.036 loading class java/lang/Integer done
Event: 0.036 loading class java/lang/Long
Event: 0.036 loading class java/lang/Long done
Event: 0.036 loading class java/lang/NullPointerException
Event: 0.037 loading class java/lang/NullPointerException done
Event: 0.037 loading class java/lang/ArithmeticException
Event: 0.037 loading class java/lang/ArithmeticException done


Dynamic libraries:
0x00007ff64c2c0000 - 0x00007ff64c2f7000 	C:\Program Files\Java\jre1.8.0_45\bin\javaw.exe
0x00007ff982970000 - 0x00007ff982b51000 	C:\WINDOWS\SYSTEM32\ntdll.dll
0x00007ff982880000 - 0x00007ff982931000 	C:\WINDOWS\System32\KERNEL32.DLL
0x00007ff97faf0000 - 0x00007ff97fd63000 	C:\WINDOWS\System32\KERNELBASE.dll
0x00007ff980130000 - 0x00007ff9801d1000 	C:\WINDOWS\System32\ADVAPI32.dll
0x00007ff97fdf0000 - 0x00007ff97fe8e000 	C:\WINDOWS\System32\msvcrt.dll
0x00007ff982480000 - 0x00007ff9824db000 	C:\WINDOWS\System32\sechost.dll
0x00007ff980b00000 - 0x00007ff980c24000 	C:\WINDOWS\System32\RPCRT4.dll
0x00007ff982080000 - 0x00007ff982210000 	C:\WINDOWS\System32\USER32.dll
0x00007ff97fdd0000 - 0x00007ff97fdf0000 	C:\WINDOWS\System32\win32u.dll
0x00007ff982850000 - 0x00007ff982878000 	C:\WINDOWS\System32\GDI32.dll
0x00007ff97f1f0000 - 0x00007ff97f381000 	C:\WINDOWS\System32\gdi32full.dll
0x00007ff97eeb0000 - 0x00007ff97ef4f000 	C:\WINDOWS\System32\msvcp_win.dll
0x00007ff97ed30000 - 0x00007ff97ee28000 	C:\WINDOWS\System32\ucrtbase.dll
0x00007ff96eea0000 - 0x00007ff96f109000 	C:\WINDOWS\WinSxS\amd64_microsoft.windows.common-controls_6595b64144ccf1df_6.0.17134.1006_none_d3fbb8f77c940c3f\COMCTL32.dll
0x00007ff980630000 - 0x00007ff980951000 	C:\WINDOWS\System32\combase.dll
0x00007ff97ee30000 - 0x00007ff97eea9000 	C:\WINDOWS\System32\bcryptPrimitives.dll
0x00007ff9825d0000 - 0x00007ff9825fd000 	C:\WINDOWS\System32\IMM32.DLL
0x0000000074340000 - 0x0000000074412000 	C:\Program Files\Java\jre1.8.0_45\bin\msvcr100.dll
0x0000000073960000 - 0x00000000741e3000 	C:\Program Files\Java\jre1.8.0_45\bin\server\jvm.dll
0x00007ff982600000 - 0x00007ff982608000 	C:\WINDOWS\System32\PSAPI.DLL
0x00007ff96c830000 - 0x00007ff96c839000 	C:\WINDOWS\SYSTEM32\WSOCK32.dll
0x00007ff977010000 - 0x00007ff977033000 	C:\WINDOWS\SYSTEM32\WINMM.dll
0x00007ff97de90000 - 0x00007ff97de9a000 	C:\WINDOWS\SYSTEM32\VERSION.dll
0x00007ff9827e0000 - 0x00007ff98284c000 	C:\WINDOWS\System32\WS2_32.dll
0x00007ff976fe0000 - 0x00007ff97700a000 	C:\WINDOWS\SYSTEM32\winmmbase.dll
0x00007ff97f390000 - 0x00007ff97f3d9000 	C:\WINDOWS\System32\cfgmgr32.dll
0x0000000073950000 - 0x000000007395f000 	C:\Program Files\Java\jre1.8.0_45\bin\verify.dll
0x0000000073920000 - 0x0000000073949000 	C:\Program Files\Java\jre1.8.0_45\bin\java.dll
0x0000000073900000 - 0x0000000073916000 	C:\Program Files\Java\jre1.8.0_45\bin\zip.dll
0x00007ff97d540000 - 0x00007ff97d709000 	C:\WINDOWS\SYSTEM32\dbghelp.dll

VM Arguments:
jvm_args: -Dfile.encoding=Cp1252 
java_command: MinimumDistanceBetweenWordsofaString
java_class_path (initial): C:\Users\megha.gupta1\eclipse-workspace\Programs\bin
Launcher Type: SUN_STANDARD

Environment Variables:
JAVA_HOME=C:\Program Files\Java\jdk1.8.0_45
PATH=C:/Program Files/Java/jre1.8.0_45/bin/server;C:/Program Files/Java/jre1.8.0_45/bin;C:/Program Files/Java/jre1.8.0_45/lib/amd64;C:\ProgramData\Oracle\Java\javapath;C:\Program Files (x86)\Intel\iCLS Client\;C:\Program Files\Intel\iCLS Client\;C:\WINDOWS\system32;C:\WINDOWS;C:\WINDOWS\System32\Wbem;C:\WINDOWS\System32\WindowsPowerShell\v1.0\;C:\Program Files (x86)\Intel\Intel(R) Management Engine Components\DAL;C:\Program Files\Intel\Intel(R) Management Engine Components\DAL;C:\Program Files (x86)\Intel\Intel(R) Management Engine Components\IPT;C:\Program Files\Intel\Intel(R) Management Engine Components\IPT;C:\Program Files\Google\Google Apps Sync\;C:\Program Files\Google\Google Apps Migration\;C:\Program Files\Microsoft SQL Server\Client SDK\ODBC\110\Tools\Binn\;C:\Program Files (x86)\Microsoft SQL Server\120\Tools\Binn\;C:\Program Files\Microsoft SQL Server\120\Tools\Binn\;C:\Program Files\Microsoft SQL Server\120\DTS\Binn\;C:\WINDOWS\System32\OpenSSH\;C:\Program Files\Java\jdk1.8.0_45\bin;C:\Program Files\PuTTY\;C:\Program Files\Intel\WiFi\bin\;C:\Program Files\Common Files\Intel\WirelessCommon\;C:\Program Files\Git\cmd;C:\apache-ant-1.10.6-bin\apache-ant-1.10.6\bin;E:\apache-maven-3.6.1-bin\apache-maven-3.6.1\bin;C:\Program Files\nodejs\;C:\Users\megha.gupta1\AppData\Local\Microsoft\WindowsApps;C:\Users\megha.gupta1\AppData\Roaming\npm;C:\Users\megha.gupta1\AppData\Local\Google\Cloud SDK\google-cloud-sdk\bin;C:\Users\megha.gupta1\AppData\Local\GitHubDesktop\bin;C:\Users\megha.gupta1\Desktop;
USERNAME=megha.gupta1
OS=Windows_NT
PROCESSOR_IDENTIFIER=Intel64 Family 6 Model 142 Stepping 10, GenuineIntel



---------------  S Y S T E M  ---------------

OS: Windows 10.0 , 64 bit Build 17134 (10.0.17134.753)

CPU:total 8 (4 cores per cpu, 2 threads per core) family 6 model 142 stepping 10, cmov, cx8, fxsr, mmx, sse, sse2, sse3, ssse3, sse4.1, sse4.2, popcnt, avx, avx2, aes, clmul, erms, 3dnowpref, lzcnt, ht, tsc, tscinvbit, bmi1, bmi2, adx

Memory: 4k page, physical 8272100k(1193348k free), swap 23237088k(4920k free)

vm_info: Java HotSpot(TM) 64-Bit Server VM (25.45-b02) for windows-amd64 JRE (1.8.0_45-b15), built on Apr 30 2015 12:40:44 by "java_re" with MS VC++ 10.0 (VS2010)

time: Sun Jun 07 23:21:10 2020
elapsed time: 0 seconds (0d 0h 0m 0s)

